<?xml version="1.0" encoding="UTF-8"?>
<!-- Generated by org.testng.reporters.JUnitXMLReporter -->
<testsuite ignored="0" hostname="INTERIA" failures="0" tests="3" name="Google Search" time="36.9" errors="0" timestamp="2024-11-21T12:29:53 IST">
  <testcase classname="FunctionLibrary.OtherFunctions" name="googleMission" time="6.175"/>
  <testcase classname="FunctionLibrary.OtherFunctions" name="googleSearchAndSelectItem" time="5.455"/>
  <testcase classname="FunctionLibrary.OtherFunctions" name="googleSearchTest" time="1.554"/>
</testsuite> <!-- Google Search -->
