<?xml version="1.0" encoding="UTF-8"?>
<!-- Generated by org.testng.reporters.JUnitXMLReporter -->
<testsuite ignored="0" hostname="INTERIA" failures="0" tests="3" name="Google Search" time="32.686" errors="0" timestamp="2024-11-21T13:18:21 IST">
  <testcase classname="FunctionLibrary.OtherFunctions" name="googleMission" time="3.261"/>
  <testcase classname="FunctionLibrary.OtherFunctions" name="googleSearchAndSelectItem" time="1.426"/>
  <testcase classname="FunctionLibrary.OtherFunctions" name="googleSearchTest" time="1.508"/>
</testsuite> <!-- Google Search -->
