<?xml version="1.0" encoding="UTF-8"?>
<testng-results ignored="0" total="3" passed="3" failed="0" skipped="0">
  <reporter-output>
  </reporter-output>
  <suite started-at="2024-11-21T13:17:48 IST" name="Google Search Test Suite" finished-at="2024-11-21T13:18:21 IST" duration-ms="32686">
    <groups>
    </groups>
    <test started-at="2024-11-21T13:17:48 IST" name="Google Search" finished-at="2024-11-21T13:18:21 IST" duration-ms="32686">
      <class name="FunctionLibrary.OtherFunctions">
        <test-method is-config="true" signature="launchApp()[pri:0, instance:FunctionLibrary.OtherFunctions@1a482e36]" started-at="2024-11-21T13:17:48 IST" name="launchApp" finished-at="2024-11-21T13:17:58 IST" duration-ms="9701" status="PASS">
          <reporter-output>
          </reporter-output>
        </test-method> <!-- launchApp -->
        <test-method signature="googleMission()[pri:0, instance:FunctionLibrary.OtherFunctions@1a482e36]" started-at="2024-11-21T13:17:58 IST" name="googleMission" finished-at="2024-11-21T13:18:01 IST" duration-ms="3261" status="PASS">
          <reporter-output>
          </reporter-output>
        </test-method> <!-- googleMission -->
        <test-method is-config="true" signature="closeApp()[pri:0, instance:FunctionLibrary.OtherFunctions@1a482e36]" started-at="2024-11-21T13:18:01 IST" name="closeApp" finished-at="2024-11-21T13:18:01 IST" duration-ms="257" status="PASS">
          <reporter-output>
          </reporter-output>
        </test-method> <!-- closeApp -->
        <test-method is-config="true" signature="launchApp()[pri:0, instance:FunctionLibrary.OtherFunctions@1a482e36]" started-at="2024-11-21T13:18:01 IST" name="launchApp" finished-at="2024-11-21T13:18:09 IST" duration-ms="7934" status="PASS">
          <reporter-output>
          </reporter-output>
        </test-method> <!-- launchApp -->
        <test-method signature="googleSearchAndSelectItem()[pri:0, instance:FunctionLibrary.OtherFunctions@1a482e36]" started-at="2024-11-21T13:18:09 IST" name="googleSearchAndSelectItem" finished-at="2024-11-21T13:18:11 IST" duration-ms="1426" status="PASS">
          <reporter-output>
          </reporter-output>
        </test-method> <!-- googleSearchAndSelectItem -->
        <test-method is-config="true" signature="closeApp()[pri:0, instance:FunctionLibrary.OtherFunctions@1a482e36]" started-at="2024-11-21T13:18:11 IST" name="closeApp" finished-at="2024-11-21T13:18:11 IST" duration-ms="271" status="PASS">
          <reporter-output>
          </reporter-output>
        </test-method> <!-- closeApp -->
        <test-method is-config="true" signature="launchApp()[pri:0, instance:FunctionLibrary.OtherFunctions@1a482e36]" started-at="2024-11-21T13:18:11 IST" name="launchApp" finished-at="2024-11-21T13:18:19 IST" duration-ms="7986" status="PASS">
          <reporter-output>
          </reporter-output>
        </test-method> <!-- launchApp -->
        <test-method signature="googleSearchTest()[pri:0, instance:FunctionLibrary.OtherFunctions@1a482e36]" started-at="2024-11-21T13:18:19 IST" name="googleSearchTest" finished-at="2024-11-21T13:18:20 IST" duration-ms="1508" status="PASS">
          <reporter-output>
          </reporter-output>
        </test-method> <!-- googleSearchTest -->
        <test-method is-config="true" signature="closeApp()[pri:0, instance:FunctionLibrary.OtherFunctions@1a482e36]" started-at="2024-11-21T13:18:20 IST" name="closeApp" finished-at="2024-11-21T13:18:21 IST" duration-ms="284" status="PASS">
          <reporter-output>
          </reporter-output>
        </test-method> <!-- closeApp -->
      </class> <!-- FunctionLibrary.OtherFunctions -->
    </test> <!-- Google Search -->
  </suite> <!-- Google Search Test Suite -->
</testng-results>
