<?xml version="1.0" encoding="UTF-8"?>
<testng-results ignored="0" total="1" passed="1" failed="0" skipped="0">
  <reporter-output>
  </reporter-output>
  <suite started-at="2024-11-21T09:58:41 IST" name="Default suite" finished-at="2024-11-21T09:58:46 IST" duration-ms="4742">
    <groups>
    </groups>
    <test started-at="2024-11-21T09:58:41 IST" name="Default test" finished-at="2024-11-21T09:58:46 IST" duration-ms="4742">
      <class name="FunctionLibrary.OtherFunctions">
        <test-method is-config="true" signature="launchApp()[pri:0, instance:FunctionLibrary.OtherFunctions@33d512c1]" started-at="2024-11-21T09:58:36 IST" name="launchApp" finished-at="2024-11-21T09:58:41 IST" duration-ms="4991" status="PASS">
          <reporter-output>
          </reporter-output>
        </test-method> <!-- launchApp -->
        <test-method signature="googleSearchTest()[pri:0, instance:FunctionLibrary.OtherFunctions@33d512c1]" started-at="2024-11-21T09:58:41 IST" name="googleSearchTest" finished-at="2024-11-21T09:58:46 IST" duration-ms="4680" status="PASS">
          <reporter-output>
          </reporter-output>
        </test-method> <!-- googleSearchTest -->
        <test-method is-config="true" signature="closeApp()[pri:0, instance:FunctionLibrary.OtherFunctions@33d512c1]" started-at="2024-11-21T09:58:46 IST" name="closeApp" finished-at="2024-11-21T09:58:46 IST" duration-ms="226" status="PASS">
          <reporter-output>
          </reporter-output>
        </test-method> <!-- closeApp -->
      </class> <!-- FunctionLibrary.OtherFunctions -->
    </test> <!-- Default test -->
  </suite> <!-- Default suite -->
</testng-results>
